<?xml version="1.0" encoding="UTF-8"?>
<!-- Generated by org.testng.reporters.JUnitXMLReporter -->
<testsuite ignored="0" hostname="DESKTOP-8S195GN" failures="0" tests="5" name="Default test" time="12.728" errors="0" timestamp="2025-12-30T17:21:13 IST">
  <testcase classname="api.test.UserTest" name="testPostUser" time="4.519"/>
  <testcase classname="api.test.UserTest" name="getUserByUsername" time="1.685"/>
  <testcase classname="api.test.UserTest" name="updateUserByUsername" time="3.065"/>
  <testcase classname="api.test.UserTest" name="deleteUserByUsername" time="1.559"/>
  <testcase classname="api.test.UserTest" name="getInvalidUser" time="1.542"/>
</testsuite> <!-- Default test -->
