<?xml version="1.0" encoding="UTF-8"?>
<!-- Generated by org.testng.reporters.JUnitXMLReporter -->
<testsuite ignored="0" hostname="DESKTOP-8S195GN" failures="0" tests="5" name="Default test" time="13.849" errors="0" timestamp="2026-01-13T09:43:04 IST">
  <testcase classname="api.test.PetTest" name="testCreatePet" time="4.85"/>
  <testcase classname="api.test.PetTest" name="testFindPetByStatus" time="2.473"/>
  <testcase classname="api.test.PetTest" name="testGetPet" time="1.668"/>
  <testcase classname="api.test.PetTest" name="testDeletePet" time="3.27"/>
  <testcase classname="api.test.PetTest" name="testAlreadyDeletedPet" time="1.536"/>
</testsuite> <!-- Default test -->
