<?xml version="1.0" encoding="UTF-8"?>
<!-- Generated by org.testng.reporters.JUnitXMLReporter -->
<testsuite ignored="0" hostname="DESKTOP-8S195GN" failures="0" tests="7" name="Test(failed)(failed)" time="17.447" errors="0" timestamp="2026-01-03T15:19:54 IST">
  <testcase classname="api.test.UserTest" name="testPostUser" time="4.216"/>
  <testcase classname="api.test.UserTest" name="getUserByUsername" time="1.623"/>
  <testcase classname="api.test.UserTest" name="updateUserByUsername" time="3.187"/>
  <testcase classname="api.test.UserTest" name="deleteUserByUsername" time="1.499"/>
  <testcase classname="api.test.UserTest" name="getAlreadyDeletedUser" time="1.525"/>
  <testcase classname="api.test.UserTest" name="deleteAlreadyDeletedUser" time="1.648"/>
  <testcase classname="api.test.UserTest" name="updateDeletedUser" time="3.189"/>
</testsuite> <!-- Test(failed)(failed) -->
