<?xml version="1.0" encoding="UTF-8"?>
<!-- Generated by org.testng.reporters.JUnitXMLReporter -->
<testsuite ignored="0" hostname="DESKTOP-8S195GN" failures="1" tests="40" name="Test" time="108.747" errors="0" timestamp="2026-01-03T15:17:08 IST">
  <testcase classname="api.test.UserTest" name="testPostUser" time="5.367">
    <failure type="java.lang.AssertionError" message="1 expectation failed.
Expected response time was not a value less than &amp;lt;3000L&amp;gt; milliseconds, was 3358 milliseconds (3358 milliseconds).">
      <![CDATA[java.lang.AssertionError: 1 expectation failed.
Expected response time was not a value less than <3000L> milliseconds, was 3358 milliseconds (3358 milliseconds).
at org.codehaus.groovy.runtime.callsite.ConstructorSite$ConstructorSiteNoUnwrapNoCoerce.callConstructor(ConstructorSite.java:108)
at org.codehaus.groovy.runtime.callsite.CallSiteArray.defaultCallConstructor(CallSiteArray.java:57)
at org.codehaus.groovy.runtime.callsite.AbstractCallSite.callConstructor(AbstractCallSite.java:263)
at org.codehaus.groovy.runtime.callsite.AbstractCallSite.callConstructor(AbstractCallSite.java:277)
at io.restassured.internal.ResponseSpecificationImpl$HamcrestAssertionClosure.validate(ResponseSpecificationImpl.groovy:512)
at io.restassured.internal.ResponseSpecificationImpl$HamcrestAssertionClosure$validate$1.call(Unknown Source)
at io.restassured.internal.ResponseSpecificationImpl.validateResponseIfRequired(ResponseSpecificationImpl.groovy:696)
at io.restassured.internal.ResponseSpecificationImpl.this$2$validateResponseIfRequired(ResponseSpecificationImpl.groovy)
at org.codehaus.groovy.runtime.callsite.PlainObjectMetaMethodSite.doInvoke(PlainObjectMetaMethodSite.java:43)
at org.codehaus.groovy.runtime.callsite.PogoMetaMethodSite$PogoCachedMethodSiteNoUnwrapNoCoerce.invoke(PogoMetaMethodSite.java:198)
at org.codehaus.groovy.runtime.callsite.PogoMetaMethodSite.callCurrent(PogoMetaMethodSite.java:62)
at org.codehaus.groovy.runtime.callsite.CallSiteArray.defaultCallCurrent(CallSiteArray.java:49)
at org.codehaus.groovy.runtime.callsite.AbstractCallSite.callCurrent(AbstractCallSite.java:171)
at org.codehaus.groovy.runtime.callsite.AbstractCallSite.callCurrent(AbstractCallSite.java:185)
at io.restassured.internal.ResponseSpecificationImpl.time(ResponseSpecificationImpl.groovy:127)
at io.restassured.internal.ValidatableResponseOptionsImpl.time(ValidatableResponseOptionsImpl.java:409)
at io.restassured.internal.ValidatableResponseOptionsImpl.time(ValidatableResponseOptionsImpl.java:405)
at api.test.UserTest.testPostUser(UserTest.java:46)
at java.base/java.util.ArrayList.forEach(ArrayList.java:1596)
... Removed 31 stack frames]]>
    </failure>
  </testcase> <!-- testPostUser -->
  <testcase classname="api.test.UserTest" name="getUserByUsername" time="0.0">
    <skipped/>
  </testcase> <!-- getUserByUsername -->
  <testcase classname="api.test.UserTest" name="updateUserByUsername" time="0.001">
    <skipped/>
  </testcase> <!-- updateUserByUsername -->
  <testcase classname="api.test.UserTest" name="deleteUserByUsername" time="0.0">
    <skipped/>
  </testcase> <!-- deleteUserByUsername -->
  <testcase classname="api.test.UserTest" name="getAlreadyDeletedUser" time="0.0">
    <skipped/>
  </testcase> <!-- getAlreadyDeletedUser -->
  <testcase classname="api.test.UserTest" name="deleteAlreadyDeletedUser" time="0.0">
    <skipped/>
  </testcase> <!-- deleteAlreadyDeletedUser -->
  <testcase classname="api.test.UserTest" name="updateDeletedUser" time="0.001">
    <skipped/>
  </testcase> <!-- updateDeletedUser -->
  <testcase classname="api.test.StoreTest" name="testCreateOrder" time="1.531"/>
  <testcase classname="api.test.StoreTest" name="testGetOrder" time="1.643"/>
  <testcase classname="api.test.StoreTest" name="testDeleteOrder" time="3.097"/>
  <testcase classname="api.test.UserTestDDT" name="testCreateAndDeleteUser" time="3.064"/>
  <testcase classname="api.test.UserTestDDT" name="testCreateAndDeleteUser" time="3.193"/>
  <testcase classname="api.test.UserTestDDT" name="testCreateAndDeleteUser" time="3.038"/>
  <testcase classname="api.test.UserTestDDT" name="testCreateAndDeleteUser" time="3.205"/>
  <testcase classname="api.test.UserTestDDT" name="testCreateAndDeleteUser" time="3.186"/>
  <testcase classname="api.test.UserTestDDT" name="testCreateAndDeleteUser" time="3.139"/>
  <testcase classname="api.test.UserTestDDT" name="testCreateAndDeleteUser" time="3.053"/>
  <testcase classname="api.test.UserTestDDT" name="testCreateAndDeleteUser" time="2.981"/>
  <testcase classname="api.test.UserTestDDT" name="testCreateAndDeleteUser" time="3.119"/>
  <testcase classname="api.test.UserTestDDT" name="testCreateAndDeleteUser" time="3.245"/>
  <testcase classname="api.test.UserTestDDT" name="testCreateAndDeleteUser" time="3.134"/>
  <testcase classname="api.test.UserTestDDT" name="testCreateAndDeleteUser" time="3.154"/>
  <testcase classname="api.test.UserTestDDT" name="testCreateAndDeleteUser" time="3.14"/>
  <testcase classname="api.test.UserTestDDT" name="testCreateAndDeleteUser" time="3.107"/>
  <testcase classname="api.test.UserTestDDT" name="testCreateAndDeleteUser" time="3.035"/>
  <testcase classname="api.test.UserTestDDT" name="testCreateAndDeleteUser" time="3.158"/>
  <testcase classname="api.test.UserTestDDT" name="testCreateAndDeleteUser" time="3.346"/>
  <testcase classname="api.test.UserTestDDT" name="testCreateAndDeleteUser" time="3.218"/>
  <testcase classname="api.test.UserTestDDT" name="testCreateAndDeleteUser" time="3.155"/>
  <testcase classname="api.test.UserTestDDT" name="testCreateAndDeleteUser" time="3.208"/>
  <testcase classname="api.test.UserTestDDT" name="testCreateAndDeleteUser" time="3.223"/>
  <testcase classname="api.test.UserTestDDT" name="testCreateAndDeleteUser" time="3.049"/>
  <testcase classname="api.test.UserTestDDT" name="testCreateAndDeleteUser" time="2.937"/>
  <testcase classname="api.test.UserTestDDT" name="testCreateAndDeleteUser" time="3.133"/>
  <testcase classname="api.test.UserTestDDT" name="testCreateAndDeleteUser" time="2.998"/>
  <testcase classname="api.test.UserTestDDT" name="testCreateAndDeleteUser" time="3.129"/>
  <testcase classname="api.test.UserTestDDT" name="testCreateAndDeleteUser" time="3.158"/>
  <testcase classname="api.test.UserTestDDT" name="testCreateAndDeleteUser" time="3.01"/>
  <testcase classname="api.test.UserTestDDT" name="testCreateAndDeleteUser" time="3.267"/>
  <testcase classname="api.test.UserTestDDT" name="testCreateAndDeleteUser" time="3.136"/>
</testsuite> <!-- Test -->
