<?xml version="1.0" encoding="UTF-8"?>
<!-- Generated by org.testng.reporters.JUnitXMLReporter -->
<testsuite ignored="0" hostname="DESKTOP-8S195GN" failures="0" tests="4" name="Test" time="11.19" errors="0" timestamp="2025-12-30T17:11:01 IST">
  <testcase classname="api.test.UserTest" name="testPostUser" time="4.296"/>
  <testcase classname="api.test.UserTest" name="getUserByUsername" time="1.79"/>
  <testcase classname="api.test.UserTest" name="updateUserByUsername" time="3.062"/>
  <testcase classname="api.test.UserTest" name="deleteUserByUsername" time="1.49"/>
</testsuite> <!-- Test -->
