<?xml version="1.0" encoding="UTF-8"?>
<!-- Generated by org.testng.reporters.JUnitXMLReporter -->
<testsuite ignored="0" hostname="DESKTOP-8S195GN" failures="0" tests="15" name="Test" time="34.928" errors="0" timestamp="2026-01-13T09:47:02 IST">
  <testcase classname="api.test.UserTest" name="testPostUser" time="4.328"/>
  <testcase classname="api.test.UserTest" name="getUserByUsername" time="1.613"/>
  <testcase classname="api.test.UserTest" name="updateUserByUsername" time="3.112"/>
  <testcase classname="api.test.UserTest" name="deleteUserByUsername" time="1.551"/>
  <testcase classname="api.test.UserTest" name="getAlreadyDeletedUser" time="1.527"/>
  <testcase classname="api.test.UserTest" name="deleteAlreadyDeletedUser" time="1.567"/>
  <testcase classname="api.test.UserTest" name="updateDeletedUser" time="3.313"/>
  <testcase classname="api.test.StoreTest" name="testCreateOrder" time="1.572"/>
  <testcase classname="api.test.StoreTest" name="testGetOrder" time="1.716"/>
  <testcase classname="api.test.StoreTest" name="testDeleteOrder" time="3.082"/>
  <testcase classname="api.test.PetTest" name="testCreatePet" time="1.944"/>
  <testcase classname="api.test.PetTest" name="testFindPetByStatus" time="2.575"/>
  <testcase classname="api.test.PetTest" name="testGetPet" time="1.749"/>
  <testcase classname="api.test.PetTest" name="testDeletePet" time="3.092"/>
  <testcase classname="api.test.PetTest" name="testAlreadyDeletedPet" time="1.598"/>
</testsuite> <!-- Test -->
