<?xml version="1.0" encoding="UTF-8"?>
<!-- Generated by org.testng.reporters.JUnitXMLReporter -->
<testsuite ignored="0" hostname="DESKTOP-8S195GN" failures="0" tests="4" name="Test" time="17.792" errors="0" timestamp="2025-12-25T18:59:21 IST">
  <testcase classname="api.test.UserTest" name="testPostUser" time="10.592"/>
  <testcase classname="api.test.UserTest" name="getUserByUsername" time="2.207"/>
  <testcase classname="api.test.UserTest" name="updateUserByUsername" time="2.143"/>
  <testcase classname="api.test.UserTest" name="deleteUserByUsername" time="2.22"/>
</testsuite> <!-- Test -->
