<?xml version="1.0" encoding="UTF-8"?>
<!-- Generated by org.testng.reporters.JUnitXMLReporter -->
<testsuite ignored="0" hostname="DESKTOP-8S195GN" failures="0" tests="40" name="Test" time="118.615" errors="0" timestamp="2026-01-03T20:09:07 IST">
  <testcase classname="api.test.UserTest" name="testPostUser" time="4.772"/>
  <testcase classname="api.test.UserTest" name="getUserByUsername" time="1.57"/>
  <testcase classname="api.test.UserTest" name="updateUserByUsername" time="3.158"/>
  <testcase classname="api.test.UserTest" name="deleteUserByUsername" time="1.488"/>
  <testcase classname="api.test.UserTest" name="getAlreadyDeletedUser" time="1.518"/>
  <testcase classname="api.test.UserTest" name="deleteAlreadyDeletedUser" time="1.394"/>
  <testcase classname="api.test.UserTest" name="updateDeletedUser" time="3.093"/>
  <testcase classname="api.test.StoreTest" name="testCreateOrder" time="1.586"/>
  <testcase classname="api.test.StoreTest" name="testGetOrder" time="1.706"/>
  <testcase classname="api.test.StoreTest" name="testDeleteOrder" time="3.177"/>
  <testcase classname="api.test.UserTestDDT" name="testCreateAndDeleteUser" time="3.058"/>
  <testcase classname="api.test.UserTestDDT" name="testCreateAndDeleteUser" time="3.134"/>
  <testcase classname="api.test.UserTestDDT" name="testCreateAndDeleteUser" time="2.998"/>
  <testcase classname="api.test.UserTestDDT" name="testCreateAndDeleteUser" time="2.89"/>
  <testcase classname="api.test.UserTestDDT" name="testCreateAndDeleteUser" time="2.999"/>
  <testcase classname="api.test.UserTestDDT" name="testCreateAndDeleteUser" time="2.959"/>
  <testcase classname="api.test.UserTestDDT" name="testCreateAndDeleteUser" time="2.922"/>
  <testcase classname="api.test.UserTestDDT" name="testCreateAndDeleteUser" time="3.035"/>
  <testcase classname="api.test.UserTestDDT" name="testCreateAndDeleteUser" time="2.917"/>
  <testcase classname="api.test.UserTestDDT" name="testCreateAndDeleteUser" time="2.964"/>
  <testcase classname="api.test.UserTestDDT" name="testCreateAndDeleteUser" time="3.1"/>
  <testcase classname="api.test.UserTestDDT" name="testCreateAndDeleteUser" time="3.219"/>
  <testcase classname="api.test.UserTestDDT" name="testCreateAndDeleteUser" time="3.2"/>
  <testcase classname="api.test.UserTestDDT" name="testCreateAndDeleteUser" time="3.085"/>
  <testcase classname="api.test.UserTestDDT" name="testCreateAndDeleteUser" time="3.02"/>
  <testcase classname="api.test.UserTestDDT" name="testCreateAndDeleteUser" time="3.063"/>
  <testcase classname="api.test.UserTestDDT" name="testCreateAndDeleteUser" time="3.03"/>
  <testcase classname="api.test.UserTestDDT" name="testCreateAndDeleteUser" time="3.209"/>
  <testcase classname="api.test.UserTestDDT" name="testCreateAndDeleteUser" time="3.183"/>
  <testcase classname="api.test.UserTestDDT" name="testCreateAndDeleteUser" time="3.106"/>
  <testcase classname="api.test.UserTestDDT" name="testCreateAndDeleteUser" time="3.113"/>
  <testcase classname="api.test.UserTestDDT" name="testCreateAndDeleteUser" time="3.052"/>
  <testcase classname="api.test.UserTestDDT" name="testCreateAndDeleteUser" time="3.169"/>
  <testcase classname="api.test.UserTestDDT" name="testCreateAndDeleteUser" time="3.217"/>
  <testcase classname="api.test.UserTestDDT" name="testCreateAndDeleteUser" time="3.092"/>
  <testcase classname="api.test.UserTestDDT" name="testCreateAndDeleteUser" time="2.979"/>
  <testcase classname="api.test.UserTestDDT" name="testCreateAndDeleteUser" time="3.072"/>
  <testcase classname="api.test.UserTestDDT" name="testCreateAndDeleteUser" time="3.094"/>
  <testcase classname="api.test.UserTestDDT" name="testCreateAndDeleteUser" time="3.143"/>
  <testcase classname="api.test.UserTestDDT" name="testCreateAndDeleteUser" time="2.995"/>
</testsuite> <!-- Test -->
