<?xml version="1.0" encoding="UTF-8"?>
<!-- Generated by org.testng.reporters.JUnitXMLReporter -->
<testsuite ignored="0" hostname="DESKTOP-8S195GN" failures="0" tests="4" name="Test" time="8.263" errors="0" timestamp="2025-12-28T10:54:54 IST">
  <testcase classname="api.test.UserTest" name="testPostUser" time="3.395"/>
  <testcase classname="api.test.UserTest" name="getUserByUsername" time="1.451"/>
  <testcase classname="api.test.UserTest" name="updateUserByUsername" time="1.51"/>
  <testcase classname="api.test.UserTest" name="deleteUserByUsername" time="1.476"/>
</testsuite> <!-- Test -->
