<?xml version="1.0" encoding="UTF-8"?>
<testsuite xmlns:xsi="http://www.w3.org/2001/XMLSchema-instance" xsi:noNamespaceSchemaLocation="https://maven.apache.org/surefire/maven-surefire-plugin/xsd/surefire-test-report.xsd" version="3.0.2" name="TestSuite" time="120.533" tests="40" errors="0" skipped="0" failures="0">
  <properties>
[...]
</properties>
  <testcase name="testPostUser" classname="api.test.UserTest" time="4.777">
    <system-out><![CDATA[HTTP/1.1 200 OK
Date: Sat, 03 Jan 2026 14:37:12 GMT
Content-Type: application/json
Transfer-Encoding: chunked
Connection: keep-alive
Access-Control-Allow-Origin: *
Access-Control-Allow-Methods: GET, POST, DELETE, PUT
Access-Control-Allow-Headers: Content-Type, api_key, Authorization
Server: Jetty(9.2.9.v20150224)

{
    "code": 200,
    "type": "unknown",
    "message": "1042307502"
}
]]></system-out>
    <system-err><![CDATA[SLF4J(W): No SLF4J providers were found.
SLF4J(W): Defaulting to no-operation (NOP) logger implementation
SLF4J(W): See https://www.slf4j.org/codes.html#noProviders for further details.
]]></system-err>
  </testcase>
  <testcase name="getUserByUsername" classname="api.test.UserTest" time="1.57">
    <system-out><![CDATA[HTTP/1.1 200 OK
Date: Sat, 03 Jan 2026 14:37:15 GMT
Content-Type: application/json
Transfer-Encoding: chunked
Connection: keep-alive
Access-Control-Allow-Origin: *
Access-Control-Allow-Methods: GET, POST, DELETE, PUT
Access-Control-Allow-Headers: Content-Type, api_key, Authorization
Server: Jetty(9.2.9.v20150224)

{
    "id": 1042307502,
    "username": "titus.murphy",
    "firstName": "Augusta",
    "lastName": "Mraz",
    "email": "queen.daugherty@example.com",
    "phone": "1-586-187-4236",
    "userStatus": 0
}
]]></system-out>
  </testcase>
  <testcase name="updateUserByUsername" classname="api.test.UserTest" time="3.159">
    <system-out><![CDATA[HTTP/1.1 200 OK
Date: Sat, 03 Jan 2026 14:37:16 GMT
Content-Type: application/json
Transfer-Encoding: chunked
Connection: keep-alive
Access-Control-Allow-Origin: *
Access-Control-Allow-Methods: GET, POST, DELETE, PUT
Access-Control-Allow-Headers: Content-Type, api_key, Authorization
Server: Jetty(9.2.9.v20150224)

{
    "code": 200,
    "type": "unknown",
    "message": "1042307502"
}
]]></system-out>
  </testcase>
  <testcase name="deleteUserByUsername" classname="api.test.UserTest" time="1.489">
    <system-out><![CDATA[HTTP/1.1 200 OK
Date: Sat, 03 Jan 2026 14:37:19 GMT
Content-Type: application/json
Transfer-Encoding: chunked
Connection: keep-alive
Access-Control-Allow-Origin: *
Access-Control-Allow-Methods: GET, POST, DELETE, PUT
Access-Control-Allow-Headers: Content-Type, api_key, Authorization
Server: Jetty(9.2.9.v20150224)

{
    "code": 200,
    "type": "unknown",
    "message": "titus.murphy"
}
]]></system-out>
  </testcase>
  <testcase name="getAlreadyDeletedUser" classname="api.test.UserTest" time="1.518"/>
  <testcase name="deleteAlreadyDeletedUser" classname="api.test.UserTest" time="1.395">
    <system-out><![CDATA[HTTP/1.1 404 Not Found
Date: Sat, 03 Jan 2026 14:37:22 GMT
Content-Length: 0
Connection: keep-alive
Access-Control-Allow-Origin: *
Access-Control-Allow-Methods: GET, POST, DELETE, PUT
Access-Control-Allow-Headers: Content-Type, api_key, Authorization
Server: Jetty(9.2.9.v20150224)
]]></system-out>
  </testcase>
  <testcase name="updateDeletedUser" classname="api.test.UserTest" time="3.093">
    <system-out><![CDATA[HTTP/1.1 200 OK
Date: Sat, 03 Jan 2026 14:37:24 GMT
Content-Type: application/json
Transfer-Encoding: chunked
Connection: keep-alive
Access-Control-Allow-Origin: *
Access-Control-Allow-Methods: GET, POST, DELETE, PUT
Access-Control-Allow-Headers: Content-Type, api_key, Authorization
Server: Jetty(9.2.9.v20150224)

{
    "code": 200,
    "type": "unknown",
    "message": "1042307502"
}
]]></system-out>
  </testcase>
  <testcase name="testCreateOrder" classname="api.test.StoreTest" time="1.587">
    <system-out><![CDATA[HTTP/1.1 200 OK
Date: Sat, 03 Jan 2026 14:37:27 GMT
Content-Type: application/json
Transfer-Encoding: chunked
Connection: keep-alive
Access-Control-Allow-Origin: *
Access-Control-Allow-Methods: GET, POST, DELETE, PUT
Access-Control-Allow-Headers: Content-Type, api_key, Authorization
Server: Jetty(9.2.9.v20150224)

{
    "id": 7365,
    "petId": 439,
    "quantity": 47,
    "shipDate": "2026-01-01T13:10:16.653+0000",
    "status": "placed",
    "complete": true
}
]]></system-out>
  </testcase>
  <testcase name="testGetOrder" classname="api.test.StoreTest" time="1.707">
    <system-out><![CDATA[HTTP/1.1 200 OK
Date: Sat, 03 Jan 2026 14:37:28 GMT
Content-Type: application/json
Transfer-Encoding: chunked
Connection: keep-alive
Access-Control-Allow-Origin: *
Access-Control-Allow-Methods: GET, POST, DELETE, PUT
Access-Control-Allow-Headers: Content-Type, api_key, Authorization
Server: Jetty(9.2.9.v20150224)

{
    "id": 7365,
    "petId": 439,
    "quantity": 47,
    "shipDate": "2026-01-01T13:10:16.653+0000",
    "status": "placed",
    "complete": true
}
]]></system-out>
  </testcase>
  <testcase name="testDeleteOrder" classname="api.test.StoreTest" time="3.177">
    <system-out><![CDATA[HTTP/1.1 200 OK
Date: Sat, 03 Jan 2026 14:37:30 GMT
Content-Type: application/json
Transfer-Encoding: chunked
Connection: keep-alive
Access-Control-Allow-Origin: *
Access-Control-Allow-Methods: GET, POST, DELETE, PUT
Access-Control-Allow-Headers: Content-Type, api_key, Authorization
Server: Jetty(9.2.9.v20150224)

{
    "code": 200,
    "type": "unknown",
    "message": "7365"
}
HTTP/1.1 404 Not Found
Date: Sat, 03 Jan 2026 14:37:32 GMT
Content-Type: application/json
Transfer-Encoding: chunked
Connection: keep-alive
Access-Control-Allow-Origin: *
Access-Control-Allow-Methods: GET, POST, DELETE, PUT
Access-Control-Allow-Headers: Content-Type, api_key, Authorization
Server: Jetty(9.2.9.v20150224)

{
    "code": 1,
    "type": "error",
    "message": "Order not found"
}
]]></system-out>
  </testcase>
  <testcase name="testCreateAndDeleteUser[aodulchonta0, Ania, O&apos;Dulchonta, aodulchonta0@webmd.com, 8584415908](1)" classname="api.test.UserTestDDT" time="3.059">
    <system-out><![CDATA[2026-01-03T14:37:32.131016800Z main ERROR Log4j API could not find a logging provider.
HTTP/1.1 200 OK
Date: Sat, 03 Jan 2026 14:37:36 GMT
Content-Type: application/json
Transfer-Encoding: chunked
Connection: keep-alive
Access-Control-Allow-Origin: *
Access-Control-Allow-Methods: GET, POST, DELETE, PUT
Access-Control-Allow-Headers: Content-Type, api_key, Authorization
Server: Jetty(9.2.9.v20150224)

{
    "code": 200,
    "type": "unknown",
    "message": "9222968140497192484"
}
HTTP/1.1 200 OK
Date: Sat, 03 Jan 2026 14:37:37 GMT
Content-Type: application/json
Transfer-Encoding: chunked
Connection: keep-alive
Access-Control-Allow-Origin: *
Access-Control-Allow-Methods: GET, POST, DELETE, PUT
Access-Control-Allow-Headers: Content-Type, api_key, Authorization
Server: Jetty(9.2.9.v20150224)

{
    "code": 200,
    "type": "unknown",
    "message": "aodulchonta0"
}
]]></system-out>
  </testcase>
  <testcase name="testCreateAndDeleteUser[thinksen1, Tedd, Hinksen, thinksen1@tmall.com, 3598845157](2)" classname="api.test.UserTestDDT" time="3.134">
    <system-out><![CDATA[HTTP/1.1 200 OK
Date: Sat, 03 Jan 2026 14:37:39 GMT
Content-Type: application/json
Transfer-Encoding: chunked
Connection: keep-alive
Access-Control-Allow-Origin: *
Access-Control-Allow-Methods: GET, POST, DELETE, PUT
Access-Control-Allow-Headers: Content-Type, api_key, Authorization
Server: Jetty(9.2.9.v20150224)

{
    "code": 200,
    "type": "unknown",
    "message": "9222968140497192484"
}
HTTP/1.1 200 OK
Date: Sat, 03 Jan 2026 14:37:41 GMT
Content-Type: application/json
Transfer-Encoding: chunked
Connection: keep-alive
Access-Control-Allow-Origin: *
Access-Control-Allow-Methods: GET, POST, DELETE, PUT
Access-Control-Allow-Headers: Content-Type, api_key, Authorization
Server: Jetty(9.2.9.v20150224)

{
    "code": 200,
    "type": "unknown",
    "message": "thinksen1"
}
]]></system-out>
  </testcase>
  <testcase name="testCreateAndDeleteUser[nmielnik2, Nelli, Mielnik, nmielnik2@state.tx.us, 2597222744](3)" classname="api.test.UserTestDDT" time="2.999">
    <system-out><![CDATA[HTTP/1.1 200 OK
Date: Sat, 03 Jan 2026 14:37:42 GMT
Content-Type: application/json
Transfer-Encoding: chunked
Connection: keep-alive
Access-Control-Allow-Origin: *
Access-Control-Allow-Methods: GET, POST, DELETE, PUT
Access-Control-Allow-Headers: Content-Type, api_key, Authorization
Server: Jetty(9.2.9.v20150224)

{
    "code": 200,
    "type": "unknown",
    "message": "9222968140497192485"
}
HTTP/1.1 200 OK
Date: Sat, 03 Jan 2026 14:37:44 GMT
Content-Type: application/json
Transfer-Encoding: chunked
Connection: keep-alive
Access-Control-Allow-Origin: *
Access-Control-Allow-Methods: GET, POST, DELETE, PUT
Access-Control-Allow-Headers: Content-Type, api_key, Authorization
Server: Jetty(9.2.9.v20150224)

{
    "code": 200,
    "type": "unknown",
    "message": "nmielnik2"
}
]]></system-out>
  </testcase>
  <testcase name="testCreateAndDeleteUser[aleeman3, Anette, Leeman, aleeman3@domainmarket.com, 1399075428](4)" classname="api.test.UserTestDDT" time="2.89">
    <system-out><![CDATA[HTTP/1.1 200 OK
Date: Sat, 03 Jan 2026 14:37:45 GMT
Content-Type: application/json
Transfer-Encoding: chunked
Connection: keep-alive
Access-Control-Allow-Origin: *
Access-Control-Allow-Methods: GET, POST, DELETE, PUT
Access-Control-Allow-Headers: Content-Type, api_key, Authorization
Server: Jetty(9.2.9.v20150224)

{
    "code": 200,
    "type": "unknown",
    "message": "9222968140497192485"
}
HTTP/1.1 200 OK
Date: Sat, 03 Jan 2026 14:37:47 GMT
Content-Type: application/json
Transfer-Encoding: chunked
Connection: keep-alive
Access-Control-Allow-Origin: *
Access-Control-Allow-Methods: GET, POST, DELETE, PUT
Access-Control-Allow-Headers: Content-Type, api_key, Authorization
Server: Jetty(9.2.9.v20150224)

{
    "code": 200,
    "type": "unknown",
    "message": "aleeman3"
}
]]></system-out>
  </testcase>
  <testcase name="testCreateAndDeleteUser[tbittlestone4, Tammie, Bittlestone, tbittlestone4@youtu.be, 8307956664](5)" classname="api.test.UserTestDDT" time="2.999">
    <system-out><![CDATA[HTTP/1.1 200 OK
Date: Sat, 03 Jan 2026 14:37:48 GMT
Content-Type: application/json
Transfer-Encoding: chunked
Connection: keep-alive
Access-Control-Allow-Origin: *
Access-Control-Allow-Methods: GET, POST, DELETE, PUT
Access-Control-Allow-Headers: Content-Type, api_key, Authorization
Server: Jetty(9.2.9.v20150224)

{
    "code": 200,
    "type": "unknown",
    "message": "9222968140497192485"
}
HTTP/1.1 200 OK
Date: Sat, 03 Jan 2026 14:37:49 GMT
Content-Type: application/json
Transfer-Encoding: chunked
Connection: keep-alive
Access-Control-Allow-Origin: *
Access-Control-Allow-Methods: GET, POST, DELETE, PUT
Access-Control-Allow-Headers: Content-Type, api_key, Authorization
Server: Jetty(9.2.9.v20150224)

{
    "code": 200,
    "type": "unknown",
    "message": "tbittlestone4"
}
]]></system-out>
  </testcase>
  <testcase name="testCreateAndDeleteUser[sdavid5, Sidonnie, David, sdavid5@mapquest.com, 7935475136](6)" classname="api.test.UserTestDDT" time="2.959">
    <system-out><![CDATA[HTTP/1.1 200 OK
Date: Sat, 03 Jan 2026 14:37:51 GMT
Content-Type: application/json
Transfer-Encoding: chunked
Connection: keep-alive
Access-Control-Allow-Origin: *
Access-Control-Allow-Methods: GET, POST, DELETE, PUT
Access-Control-Allow-Headers: Content-Type, api_key, Authorization
Server: Jetty(9.2.9.v20150224)

{
    "code": 200,
    "type": "unknown",
    "message": "9222968140497192485"
}
HTTP/1.1 200 OK
Date: Sat, 03 Jan 2026 14:37:52 GMT
Content-Type: application/json
Transfer-Encoding: chunked
Connection: keep-alive
Access-Control-Allow-Origin: *
Access-Control-Allow-Methods: GET, POST, DELETE, PUT
Access-Control-Allow-Headers: Content-Type, api_key, Authorization
Server: Jetty(9.2.9.v20150224)

{
    "code": 200,
    "type": "unknown",
    "message": "sdavid5"
}
]]></system-out>
  </testcase>
  <testcase name="testCreateAndDeleteUser[hquilkin6, Hedvig, Quilkin, hquilkin6@liveinternet.ru, 8783071883](7)" classname="api.test.UserTestDDT" time="2.923">
    <system-out><![CDATA[HTTP/1.1 200 OK
Date: Sat, 03 Jan 2026 14:37:54 GMT
Content-Type: application/json
Transfer-Encoding: chunked
Connection: keep-alive
Access-Control-Allow-Origin: *
Access-Control-Allow-Methods: GET, POST, DELETE, PUT
Access-Control-Allow-Headers: Content-Type, api_key, Authorization
Server: Jetty(9.2.9.v20150224)

{
    "code": 200,
    "type": "unknown",
    "message": "9222968140497192485"
}
HTTP/1.1 200 OK
Date: Sat, 03 Jan 2026 14:37:55 GMT
Content-Type: application/json
Transfer-Encoding: chunked
Connection: keep-alive
Access-Control-Allow-Origin: *
Access-Control-Allow-Methods: GET, POST, DELETE, PUT
Access-Control-Allow-Headers: Content-Type, api_key, Authorization
Server: Jetty(9.2.9.v20150224)

{
    "code": 200,
    "type": "unknown",
    "message": "hquilkin6"
}
]]></system-out>
  </testcase>
  <testcase name="testCreateAndDeleteUser[ztapscott7, Zena, Tapscott, ztapscott7@nba.com, 8382109527](8)" classname="api.test.UserTestDDT" time="3.033">
    <system-out><![CDATA[HTTP/1.1 200 OK
Date: Sat, 03 Jan 2026 14:37:57 GMT
Content-Type: application/json
Transfer-Encoding: chunked
Connection: keep-alive
Access-Control-Allow-Origin: *
Access-Control-Allow-Methods: GET, POST, DELETE, PUT
Access-Control-Allow-Headers: Content-Type, api_key, Authorization
Server: Jetty(9.2.9.v20150224)

{
    "code": 200,
    "type": "unknown",
    "message": "9222968140497192486"
}
HTTP/1.1 200 OK
Date: Sat, 03 Jan 2026 14:37:58 GMT
Content-Type: application/json
Transfer-Encoding: chunked
Connection: keep-alive
Access-Control-Allow-Origin: *
Access-Control-Allow-Methods: GET, POST, DELETE, PUT
Access-Control-Allow-Headers: Content-Type, api_key, Authorization
Server: Jetty(9.2.9.v20150224)

{
    "code": 200,
    "type": "unknown",
    "message": "ztapscott7"
}
]]></system-out>
  </testcase>
  <testcase name="testCreateAndDeleteUser[jriach8, Jayson, Riach, jriach8@whitehouse.gov, 9086034190](9)" classname="api.test.UserTestDDT" time="2.917">
    <system-out><![CDATA[HTTP/1.1 200 OK
Date: Sat, 03 Jan 2026 14:38:00 GMT
Content-Type: application/json
Transfer-Encoding: chunked
Connection: keep-alive
Access-Control-Allow-Origin: *
Access-Control-Allow-Methods: GET, POST, DELETE, PUT
Access-Control-Allow-Headers: Content-Type, api_key, Authorization
Server: Jetty(9.2.9.v20150224)

{
    "code": 200,
    "type": "unknown",
    "message": "9222968140497192486"
}
HTTP/1.1 200 OK
Date: Sat, 03 Jan 2026 14:38:01 GMT
Content-Type: application/json
Transfer-Encoding: chunked
Connection: keep-alive
Access-Control-Allow-Origin: *
Access-Control-Allow-Methods: GET, POST, DELETE, PUT
Access-Control-Allow-Headers: Content-Type, api_key, Authorization
Server: Jetty(9.2.9.v20150224)

{
    "code": 200,
    "type": "unknown",
    "message": "jriach8"
}
]]></system-out>
  </testcase>
  <testcase name="testCreateAndDeleteUser[wragbourn9, Weber, Ragbourn, wragbourn9@blogs.com, 3129638543](10)" classname="api.test.UserTestDDT" time="2.964">
    <system-out><![CDATA[HTTP/1.1 200 OK
Date: Sat, 03 Jan 2026 14:38:03 GMT
Content-Type: application/json
Transfer-Encoding: chunked
Connection: keep-alive
Access-Control-Allow-Origin: *
Access-Control-Allow-Methods: GET, POST, DELETE, PUT
Access-Control-Allow-Headers: Content-Type, api_key, Authorization
Server: Jetty(9.2.9.v20150224)

{
    "code": 200,
    "type": "unknown",
    "message": "9222968140497192486"
}
HTTP/1.1 200 OK
Date: Sat, 03 Jan 2026 14:38:04 GMT
Content-Type: application/json
Transfer-Encoding: chunked
Connection: keep-alive
Access-Control-Allow-Origin: *
Access-Control-Allow-Methods: GET, POST, DELETE, PUT
Access-Control-Allow-Headers: Content-Type, api_key, Authorization
Server: Jetty(9.2.9.v20150224)

{
    "code": 200,
    "type": "unknown",
    "message": "wragbourn9"
}
]]></system-out>
  </testcase>
  <testcase name="testCreateAndDeleteUser[khullesa, Ketti, Hulles, khullesa@discuz.net, 9756859633](11)" classname="api.test.UserTestDDT" time="3.1">
    <system-out><![CDATA[HTTP/1.1 200 OK
Date: Sat, 03 Jan 2026 14:38:06 GMT
Content-Type: application/json
Transfer-Encoding: chunked
Connection: keep-alive
Access-Control-Allow-Origin: *
Access-Control-Allow-Methods: GET, POST, DELETE, PUT
Access-Control-Allow-Headers: Content-Type, api_key, Authorization
Server: Jetty(9.2.9.v20150224)

{
    "code": 200,
    "type": "unknown",
    "message": "9222968140497192486"
}
HTTP/1.1 200 OK
Date: Sat, 03 Jan 2026 14:38:07 GMT
Content-Type: application/json
Transfer-Encoding: chunked
Connection: keep-alive
Access-Control-Allow-Origin: *
Access-Control-Allow-Methods: GET, POST, DELETE, PUT
Access-Control-Allow-Headers: Content-Type, api_key, Authorization
Server: Jetty(9.2.9.v20150224)

{
    "code": 200,
    "type": "unknown",
    "message": "khullesa"
}
]]></system-out>
  </testcase>
  <testcase name="testCreateAndDeleteUser[jdanzelmanb, Judi, Danzelman, jdanzelmanb@washingtonpost.com, 4415150108](12)" classname="api.test.UserTestDDT" time="3.219">
    <system-out><![CDATA[HTTP/1.1 200 OK
Date: Sat, 03 Jan 2026 14:38:09 GMT
Content-Type: application/json
Transfer-Encoding: chunked
Connection: keep-alive
Access-Control-Allow-Origin: *
Access-Control-Allow-Methods: GET, POST, DELETE, PUT
Access-Control-Allow-Headers: Content-Type, api_key, Authorization
Server: Jetty(9.2.9.v20150224)

{
    "code": 200,
    "type": "unknown",
    "message": "9222968140497192486"
}
HTTP/1.1 200 OK
Date: Sat, 03 Jan 2026 14:38:11 GMT
Content-Type: application/json
Transfer-Encoding: chunked
Connection: keep-alive
Access-Control-Allow-Origin: *
Access-Control-Allow-Methods: GET, POST, DELETE, PUT
Access-Control-Allow-Headers: Content-Type, api_key, Authorization
Server: Jetty(9.2.9.v20150224)

{
    "code": 200,
    "type": "unknown",
    "message": "jdanzelmanb"
}
]]></system-out>
  </testcase>
  <testcase name="testCreateAndDeleteUser[ableasdillec, Artus, Bleasdille, ableasdillec@ucoz.com, 6615725818](13)" classname="api.test.UserTestDDT" time="3.2">
    <system-out><![CDATA[HTTP/1.1 200 OK
Date: Sat, 03 Jan 2026 14:38:12 GMT
Content-Type: application/json
Transfer-Encoding: chunked
Connection: keep-alive
Access-Control-Allow-Origin: *
Access-Control-Allow-Methods: GET, POST, DELETE, PUT
Access-Control-Allow-Headers: Content-Type, api_key, Authorization
Server: Jetty(9.2.9.v20150224)

{
    "code": 200,
    "type": "unknown",
    "message": "9222968140497192486"
}
HTTP/1.1 200 OK
Date: Sat, 03 Jan 2026 14:38:14 GMT
Content-Type: application/json
Transfer-Encoding: chunked
Connection: keep-alive
Access-Control-Allow-Origin: *
Access-Control-Allow-Methods: GET, POST, DELETE, PUT
Access-Control-Allow-Headers: Content-Type, api_key, Authorization
Server: Jetty(9.2.9.v20150224)

{
    "code": 200,
    "type": "unknown",
    "message": "ableasdillec"
}
]]></system-out>
  </testcase>
  <testcase name="testCreateAndDeleteUser[rdooreyd, Reuven, Doorey, rdooreyd@google.de, 1654577999](14)" classname="api.test.UserTestDDT" time="3.085">
    <system-out><![CDATA[HTTP/1.1 200 OK
Date: Sat, 03 Jan 2026 14:38:15 GMT
Content-Type: application/json
Transfer-Encoding: chunked
Connection: keep-alive
Access-Control-Allow-Origin: *
Access-Control-Allow-Methods: GET, POST, DELETE, PUT
Access-Control-Allow-Headers: Content-Type, api_key, Authorization
Server: Jetty(9.2.9.v20150224)

{
    "code": 200,
    "type": "unknown",
    "message": "9222968140497192486"
}
HTTP/1.1 200 OK
Date: Sat, 03 Jan 2026 14:38:17 GMT
Content-Type: application/json
Transfer-Encoding: chunked
Connection: keep-alive
Access-Control-Allow-Origin: *
Access-Control-Allow-Methods: GET, POST, DELETE, PUT
Access-Control-Allow-Headers: Content-Type, api_key, Authorization
Server: Jetty(9.2.9.v20150224)

{
    "code": 200,
    "type": "unknown",
    "message": "rdooreyd"
}
]]></system-out>
  </testcase>
  <testcase name="testCreateAndDeleteUser[cedgertone, Cyrille, Edgerton, cedgertone@aboutads.info, 5804772434](15)" classname="api.test.UserTestDDT" time="3.02">
    <system-out><![CDATA[HTTP/1.1 200 OK
Date: Sat, 03 Jan 2026 14:38:18 GMT
Content-Type: application/json
Transfer-Encoding: chunked
Connection: keep-alive
Access-Control-Allow-Origin: *
Access-Control-Allow-Methods: GET, POST, DELETE, PUT
Access-Control-Allow-Headers: Content-Type, api_key, Authorization
Server: Jetty(9.2.9.v20150224)

{
    "code": 200,
    "type": "unknown",
    "message": "9222968140497192486"
}
HTTP/1.1 200 OK
Date: Sat, 03 Jan 2026 14:38:20 GMT
Content-Type: application/json
Transfer-Encoding: chunked
Connection: keep-alive
Access-Control-Allow-Origin: *
Access-Control-Allow-Methods: GET, POST, DELETE, PUT
Access-Control-Allow-Headers: Content-Type, api_key, Authorization
Server: Jetty(9.2.9.v20150224)

{
    "code": 200,
    "type": "unknown",
    "message": "cedgertone"
}
]]></system-out>
  </testcase>
  <testcase name="testCreateAndDeleteUser[jpasseyf, Jeffy, Passey, jpasseyf@jalbum.net, 7036237239](16)" classname="api.test.UserTestDDT" time="3.062">
    <system-out><![CDATA[HTTP/1.1 200 OK
Date: Sat, 03 Jan 2026 14:38:22 GMT
Content-Type: application/json
Transfer-Encoding: chunked
Connection: keep-alive
Access-Control-Allow-Origin: *
Access-Control-Allow-Methods: GET, POST, DELETE, PUT
Access-Control-Allow-Headers: Content-Type, api_key, Authorization
Server: Jetty(9.2.9.v20150224)

{
    "code": 200,
    "type": "unknown",
    "message": "9222968140497192492"
}
HTTP/1.1 200 OK
Date: Sat, 03 Jan 2026 14:38:23 GMT
Content-Type: application/json
Transfer-Encoding: chunked
Connection: keep-alive
Access-Control-Allow-Origin: *
Access-Control-Allow-Methods: GET, POST, DELETE, PUT
Access-Control-Allow-Headers: Content-Type, api_key, Authorization
Server: Jetty(9.2.9.v20150224)

{
    "code": 200,
    "type": "unknown",
    "message": "jpasseyf"
}
]]></system-out>
  </testcase>
  <testcase name="testCreateAndDeleteUser[kpavieg, Kilian, Pavie, kpavieg@diigo.com, 4463162893](17)" classname="api.test.UserTestDDT" time="3.016">
    <system-out><![CDATA[HTTP/1.1 200 OK
Date: Sat, 03 Jan 2026 14:38:24 GMT
Content-Type: application/json
Transfer-Encoding: chunked
Connection: keep-alive
Access-Control-Allow-Origin: *
Access-Control-Allow-Methods: GET, POST, DELETE, PUT
Access-Control-Allow-Headers: Content-Type, api_key, Authorization
Server: Jetty(9.2.9.v20150224)

{
    "code": 200,
    "type": "unknown",
    "message": "9222968140497192492"
}
HTTP/1.1 200 OK
Date: Sat, 03 Jan 2026 14:38:26 GMT
Content-Type: application/json
Transfer-Encoding: chunked
Connection: keep-alive
Access-Control-Allow-Origin: *
Access-Control-Allow-Methods: GET, POST, DELETE, PUT
Access-Control-Allow-Headers: Content-Type, api_key, Authorization
Server: Jetty(9.2.9.v20150224)

{
    "code": 200,
    "type": "unknown",
    "message": "kpavieg"
}
]]></system-out>
  </testcase>
  <testcase name="testCreateAndDeleteUser[bmewhah, Ban, Mewha, bmewhah@wufoo.com, 5779848069](18)" classname="api.test.UserTestDDT" time="3.21">
    <system-out><![CDATA[HTTP/1.1 200 OK
Date: Sat, 03 Jan 2026 14:38:28 GMT
Content-Type: application/json
Transfer-Encoding: chunked
Connection: keep-alive
Access-Control-Allow-Origin: *
Access-Control-Allow-Methods: GET, POST, DELETE, PUT
Access-Control-Allow-Headers: Content-Type, api_key, Authorization
Server: Jetty(9.2.9.v20150224)

{
    "code": 200,
    "type": "unknown",
    "message": "9222968140497192492"
}
HTTP/1.1 200 OK
Date: Sat, 03 Jan 2026 14:38:29 GMT
Content-Type: application/json
Transfer-Encoding: chunked
Connection: keep-alive
Access-Control-Allow-Origin: *
Access-Control-Allow-Methods: GET, POST, DELETE, PUT
Access-Control-Allow-Headers: Content-Type, api_key, Authorization
Server: Jetty(9.2.9.v20150224)

{
    "code": 200,
    "type": "unknown",
    "message": "bmewhah"
}
]]></system-out>
  </testcase>
  <testcase name="testCreateAndDeleteUser[hhunti, Hanna, Hunt, hhunti@simplemachines.org, 2487707879](19)" classname="api.test.UserTestDDT" time="3.183">
    <system-out><![CDATA[HTTP/1.1 200 OK
Date: Sat, 03 Jan 2026 14:38:31 GMT
Content-Type: application/json
Transfer-Encoding: chunked
Connection: keep-alive
Access-Control-Allow-Origin: *
Access-Control-Allow-Methods: GET, POST, DELETE, PUT
Access-Control-Allow-Headers: Content-Type, api_key, Authorization
Server: Jetty(9.2.9.v20150224)

{
    "code": 200,
    "type": "unknown",
    "message": "9222968140497192492"
}
HTTP/1.1 200 OK
Date: Sat, 03 Jan 2026 14:38:32 GMT
Content-Type: application/json
Transfer-Encoding: chunked
Connection: keep-alive
Access-Control-Allow-Origin: *
Access-Control-Allow-Methods: GET, POST, DELETE, PUT
Access-Control-Allow-Headers: Content-Type, api_key, Authorization
Server: Jetty(9.2.9.v20150224)

{
    "code": 200,
    "type": "unknown",
    "message": "hhunti"
}
]]></system-out>
  </testcase>
  <testcase name="testCreateAndDeleteUser[sgeistmannj, Stevena, Geistmann, sgeistmannj@paginegialle.it, 6048226970](20)" classname="api.test.UserTestDDT" time="3.106">
    <system-out><![CDATA[HTTP/1.1 200 OK
Date: Sat, 03 Jan 2026 14:38:34 GMT
Content-Type: application/json
Transfer-Encoding: chunked
Connection: keep-alive
Access-Control-Allow-Origin: *
Access-Control-Allow-Methods: GET, POST, DELETE, PUT
Access-Control-Allow-Headers: Content-Type, api_key, Authorization
Server: Jetty(9.2.9.v20150224)

{
    "code": 200,
    "type": "unknown",
    "message": "9222968140497192492"
}
HTTP/1.1 200 OK
Date: Sat, 03 Jan 2026 14:38:35 GMT
Content-Type: application/json
Transfer-Encoding: chunked
Connection: keep-alive
Access-Control-Allow-Origin: *
Access-Control-Allow-Methods: GET, POST, DELETE, PUT
Access-Control-Allow-Headers: Content-Type, api_key, Authorization
Server: Jetty(9.2.9.v20150224)

{
    "code": 200,
    "type": "unknown",
    "message": "sgeistmannj"
}
]]></system-out>
  </testcase>
  <testcase name="testCreateAndDeleteUser[jkearnsk, Jemmie, Kearns, jkearnsk@tmall.com, 8209166924](21)" classname="api.test.UserTestDDT" time="3.119">
    <system-out><![CDATA[HTTP/1.1 200 OK
Date: Sat, 03 Jan 2026 14:38:37 GMT
Content-Type: application/json
Transfer-Encoding: chunked
Connection: keep-alive
Access-Control-Allow-Origin: *
Access-Control-Allow-Methods: GET, POST, DELETE, PUT
Access-Control-Allow-Headers: Content-Type, api_key, Authorization
Server: Jetty(9.2.9.v20150224)

{
    "code": 200,
    "type": "unknown",
    "message": "9222968140497192492"
}
HTTP/1.1 200 OK
Date: Sat, 03 Jan 2026 14:38:39 GMT
Content-Type: application/json
Transfer-Encoding: chunked
Connection: keep-alive
Access-Control-Allow-Origin: *
Access-Control-Allow-Methods: GET, POST, DELETE, PUT
Access-Control-Allow-Headers: Content-Type, api_key, Authorization
Server: Jetty(9.2.9.v20150224)

{
    "code": 200,
    "type": "unknown",
    "message": "jkearnsk"
}
]]></system-out>
  </testcase>
  <testcase name="testCreateAndDeleteUser[lheddyl, Lorenzo, Heddy, lheddyl@opera.com, 4561337147](22)" classname="api.test.UserTestDDT" time="3.052">
    <system-out><![CDATA[HTTP/1.1 200 OK
Date: Sat, 03 Jan 2026 14:38:40 GMT
Content-Type: application/json
Transfer-Encoding: chunked
Connection: keep-alive
Access-Control-Allow-Origin: *
Access-Control-Allow-Methods: GET, POST, DELETE, PUT
Access-Control-Allow-Headers: Content-Type, api_key, Authorization
Server: Jetty(9.2.9.v20150224)

{
    "code": 200,
    "type": "unknown",
    "message": "9222968140497192492"
}
HTTP/1.1 200 OK
Date: Sat, 03 Jan 2026 14:38:42 GMT
Content-Type: application/json
Transfer-Encoding: chunked
Connection: keep-alive
Access-Control-Allow-Origin: *
Access-Control-Allow-Methods: GET, POST, DELETE, PUT
Access-Control-Allow-Headers: Content-Type, api_key, Authorization
Server: Jetty(9.2.9.v20150224)

{
    "code": 200,
    "type": "unknown",
    "message": "lheddyl"
}
]]></system-out>
  </testcase>
  <testcase name="testCreateAndDeleteUser[smantm, Sherill, Mant, smantm@sogou.com, 5803105629](23)" classname="api.test.UserTestDDT" time="3.172">
    <system-out><![CDATA[HTTP/1.1 200 OK
Date: Sat, 03 Jan 2026 14:38:43 GMT
Content-Type: application/json
Transfer-Encoding: chunked
Connection: keep-alive
Access-Control-Allow-Origin: *
Access-Control-Allow-Methods: GET, POST, DELETE, PUT
Access-Control-Allow-Headers: Content-Type, api_key, Authorization
Server: Jetty(9.2.9.v20150224)

{
    "code": 200,
    "type": "unknown",
    "message": "9222968140497192492"
}
HTTP/1.1 200 OK
Date: Sat, 03 Jan 2026 14:38:45 GMT
Content-Type: application/json
Transfer-Encoding: chunked
Connection: keep-alive
Access-Control-Allow-Origin: *
Access-Control-Allow-Methods: GET, POST, DELETE, PUT
Access-Control-Allow-Headers: Content-Type, api_key, Authorization
Server: Jetty(9.2.9.v20150224)

{
    "code": 200,
    "type": "unknown",
    "message": "smantm"
}
]]></system-out>
  </testcase>
  <testcase name="testCreateAndDeleteUser[smarringtonn, Shaina, Marrington, smarringtonn@smugmug.com, 1703461281](24)" classname="api.test.UserTestDDT" time="3.228">
    <system-out><![CDATA[HTTP/1.1 200 OK
Date: Sat, 03 Jan 2026 14:38:46 GMT
Content-Type: application/json
Transfer-Encoding: chunked
Connection: keep-alive
Access-Control-Allow-Origin: *
Access-Control-Allow-Methods: GET, POST, DELETE, PUT
Access-Control-Allow-Headers: Content-Type, api_key, Authorization
Server: Jetty(9.2.9.v20150224)

{
    "code": 200,
    "type": "unknown",
    "message": "9222968140497192492"
}
HTTP/1.1 200 OK
Date: Sat, 03 Jan 2026 14:38:48 GMT
Content-Type: application/json
Transfer-Encoding: chunked
Connection: keep-alive
Access-Control-Allow-Origin: *
Access-Control-Allow-Methods: GET, POST, DELETE, PUT
Access-Control-Allow-Headers: Content-Type, api_key, Authorization
Server: Jetty(9.2.9.v20150224)

{
    "code": 200,
    "type": "unknown",
    "message": "smarringtonn"
}
]]></system-out>
  </testcase>
  <testcase name="testCreateAndDeleteUser[sshearstoneo, Steffane, Shearstone, sshearstoneo@cbc.ca, 8791634619](25)" classname="api.test.UserTestDDT" time="3.079">
    <system-out><![CDATA[HTTP/1.1 200 OK
Date: Sat, 03 Jan 2026 14:38:50 GMT
Content-Type: application/json
Transfer-Encoding: chunked
Connection: keep-alive
Access-Control-Allow-Origin: *
Access-Control-Allow-Methods: GET, POST, DELETE, PUT
Access-Control-Allow-Headers: Content-Type, api_key, Authorization
Server: Jetty(9.2.9.v20150224)

{
    "code": 200,
    "type": "unknown",
    "message": "9222968140497192492"
}
HTTP/1.1 200 OK
Date: Sat, 03 Jan 2026 14:38:51 GMT
Content-Type: application/json
Transfer-Encoding: chunked
Connection: keep-alive
Access-Control-Allow-Origin: *
Access-Control-Allow-Methods: GET, POST, DELETE, PUT
Access-Control-Allow-Headers: Content-Type, api_key, Authorization
Server: Jetty(9.2.9.v20150224)

{
    "code": 200,
    "type": "unknown",
    "message": "sshearstoneo"
}
]]></system-out>
  </testcase>
  <testcase name="testCreateAndDeleteUser[ppennamanp, Patrice, Pennaman, ppennamanp@sciencedirect.com, 4871892527](26)" classname="api.test.UserTestDDT" time="2.98">
    <system-out><![CDATA[HTTP/1.1 200 OK
Date: Sat, 03 Jan 2026 14:38:53 GMT
Content-Type: application/json
Transfer-Encoding: chunked
Connection: keep-alive
Access-Control-Allow-Origin: *
Access-Control-Allow-Methods: GET, POST, DELETE, PUT
Access-Control-Allow-Headers: Content-Type, api_key, Authorization
Server: Jetty(9.2.9.v20150224)

{
    "code": 200,
    "type": "unknown",
    "message": "9222968140497192492"
}
HTTP/1.1 200 OK
Date: Sat, 03 Jan 2026 14:38:54 GMT
Content-Type: application/json
Transfer-Encoding: chunked
Connection: keep-alive
Access-Control-Allow-Origin: *
Access-Control-Allow-Methods: GET, POST, DELETE, PUT
Access-Control-Allow-Headers: Content-Type, api_key, Authorization
Server: Jetty(9.2.9.v20150224)

{
    "code": 200,
    "type": "unknown",
    "message": "ppennamanp"
}
]]></system-out>
  </testcase>
  <testcase name="testCreateAndDeleteUser[tbignellq, Theodor, Bignell, tbignellq@google.pl, 2101042427](27)" classname="api.test.UserTestDDT" time="3.072">
    <system-out><![CDATA[HTTP/1.1 200 OK
Date: Sat, 03 Jan 2026 14:38:56 GMT
Content-Type: application/json
Transfer-Encoding: chunked
Connection: keep-alive
Access-Control-Allow-Origin: *
Access-Control-Allow-Methods: GET, POST, DELETE, PUT
Access-Control-Allow-Headers: Content-Type, api_key, Authorization
Server: Jetty(9.2.9.v20150224)

{
    "code": 200,
    "type": "unknown",
    "message": "9222968140497192492"
}
HTTP/1.1 200 OK
Date: Sat, 03 Jan 2026 14:38:57 GMT
Content-Type: application/json
Transfer-Encoding: chunked
Connection: keep-alive
Access-Control-Allow-Origin: *
Access-Control-Allow-Methods: GET, POST, DELETE, PUT
Access-Control-Allow-Headers: Content-Type, api_key, Authorization
Server: Jetty(9.2.9.v20150224)

{
    "code": 200,
    "type": "unknown",
    "message": "tbignellq"
}
]]></system-out>
  </testcase>
  <testcase name="testCreateAndDeleteUser[ajosefsohnr, Aurthur, Josefsohn, ajosefsohnr@marketwatch.com, 1212706962](28)" classname="api.test.UserTestDDT" time="3.095">
    <system-out><![CDATA[HTTP/1.1 200 OK
Date: Sat, 03 Jan 2026 14:38:59 GMT
Content-Type: application/json
Transfer-Encoding: chunked
Connection: keep-alive
Access-Control-Allow-Origin: *
Access-Control-Allow-Methods: GET, POST, DELETE, PUT
Access-Control-Allow-Headers: Content-Type, api_key, Authorization
Server: Jetty(9.2.9.v20150224)

{
    "code": 200,
    "type": "unknown",
    "message": "9222968140497192492"
}
HTTP/1.1 200 OK
Date: Sat, 03 Jan 2026 14:39:00 GMT
Content-Type: application/json
Transfer-Encoding: chunked
Connection: keep-alive
Access-Control-Allow-Origin: *
Access-Control-Allow-Methods: GET, POST, DELETE, PUT
Access-Control-Allow-Headers: Content-Type, api_key, Authorization
Server: Jetty(9.2.9.v20150224)

{
    "code": 200,
    "type": "unknown",
    "message": "ajosefsohnr"
}
]]></system-out>
  </testcase>
  <testcase name="testCreateAndDeleteUser[asiberys, Aldis, Sibery, asiberys@smh.com.au, 8161580724](29)" classname="api.test.UserTestDDT" time="3.143">
    <system-out><![CDATA[HTTP/1.1 200 OK
Date: Sat, 03 Jan 2026 14:39:02 GMT
Content-Type: application/json
Transfer-Encoding: chunked
Connection: keep-alive
Access-Control-Allow-Origin: *
Access-Control-Allow-Methods: GET, POST, DELETE, PUT
Access-Control-Allow-Headers: Content-Type, api_key, Authorization
Server: Jetty(9.2.9.v20150224)

{
    "code": 200,
    "type": "unknown",
    "message": "9222968140497192492"
}
HTTP/1.1 200 OK
Date: Sat, 03 Jan 2026 14:39:03 GMT
Content-Type: application/json
Transfer-Encoding: chunked
Connection: keep-alive
Access-Control-Allow-Origin: *
Access-Control-Allow-Methods: GET, POST, DELETE, PUT
Access-Control-Allow-Headers: Content-Type, api_key, Authorization
Server: Jetty(9.2.9.v20150224)

{
    "code": 200,
    "type": "unknown",
    "message": "asiberys"
}
]]></system-out>
  </testcase>
  <testcase name="testCreateAndDeleteUser[ssambellst, Staci, Sambells, ssambellst@berkeley.edu, 6979471902](30)" classname="api.test.UserTestDDT" time="2.995">
    <system-out><![CDATA[HTTP/1.1 200 OK
Date: Sat, 03 Jan 2026 14:39:05 GMT
Content-Type: application/json
Transfer-Encoding: chunked
Connection: keep-alive
Access-Control-Allow-Origin: *
Access-Control-Allow-Methods: GET, POST, DELETE, PUT
Access-Control-Allow-Headers: Content-Type, api_key, Authorization
Server: Jetty(9.2.9.v20150224)

{
    "code": 200,
    "type": "unknown",
    "message": "9222968140497192492"
}
HTTP/1.1 200 OK
Date: Sat, 03 Jan 2026 14:39:06 GMT
Content-Type: application/json
Transfer-Encoding: chunked
Connection: keep-alive
Access-Control-Allow-Origin: *
Access-Control-Allow-Methods: GET, POST, DELETE, PUT
Access-Control-Allow-Headers: Content-Type, api_key, Authorization
Server: Jetty(9.2.9.v20150224)

{
    "code": 200,
    "type": "unknown",
    "message": "ssambellst"
}
]]></system-out>
  </testcase>
</testsuite>