<?xml version="1.0" encoding="UTF-8"?>
<testng-results ignored="0" total="4" passed="4" failed="0" skipped="0">
  <reporter-output>
  </reporter-output>
  <suite started-at="2025-12-28T10:54:45 IST" name="Suite" finished-at="2025-12-28T10:54:53 IST" duration-ms="8263">
    <groups>
    </groups>
    <test started-at="2025-12-28T10:54:45 IST" name="Test" finished-at="2025-12-28T10:54:53 IST" duration-ms="8263">
      <class name="api.test.UserTest">
        <test-method is-config="true" signature="setupData()[pri:0, instance:api.test.UserTest@222545dc]" started-at="2025-12-28T10:54:45 IST" name="setupData" finished-at="2025-12-28T10:54:45 IST" duration-ms="187" status="PASS">
          <reporter-output>
          </reporter-output>
        </test-method> <!-- setupData -->
        <test-method signature="testPostUser()[pri:1, instance:api.test.UserTest@222545dc]" started-at="2025-12-28T10:54:45 IST" name="testPostUser" finished-at="2025-12-28T10:54:49 IST" duration-ms="3395" status="PASS">
          <reporter-output>
          </reporter-output>
        </test-method> <!-- testPostUser -->
        <test-method signature="getUserByUsername()[pri:2, instance:api.test.UserTest@222545dc]" started-at="2025-12-28T10:54:49 IST" name="getUserByUsername" finished-at="2025-12-28T10:54:50 IST" duration-ms="1451" status="PASS">
          <reporter-output>
          </reporter-output>
        </test-method> <!-- getUserByUsername -->
        <test-method signature="updateUserByUsername()[pri:3, instance:api.test.UserTest@222545dc]" started-at="2025-12-28T10:54:50 IST" name="updateUserByUsername" finished-at="2025-12-28T10:54:52 IST" duration-ms="1510" status="PASS">
          <reporter-output>
          </reporter-output>
        </test-method> <!-- updateUserByUsername -->
        <test-method signature="deleteUserByUsername()[pri:4, instance:api.test.UserTest@222545dc]" started-at="2025-12-28T10:54:52 IST" name="deleteUserByUsername" finished-at="2025-12-28T10:54:53 IST" duration-ms="1476" status="PASS">
          <reporter-output>
          </reporter-output>
        </test-method> <!-- deleteUserByUsername -->
      </class> <!-- api.test.UserTest -->
    </test> <!-- Test -->
  </suite> <!-- Suite -->
</testng-results>
