<?xml version="1.0" encoding="UTF-8"?>
<!-- Generated by org.testng.reporters.JUnitReportReporter -->
<testsuite hostname="DESKTOP-8S195GN" failures="0" tests="5" name="api.test.PetTest" time="13.797" errors="0" timestamp="2026-01-13T09:43:04 IST" skipped="0">
  <testcase classname="api.test.PetTest" name="testAlreadyDeletedPet" time="1.536"/>
  <testcase classname="api.test.PetTest" name="testDeletePet" time="3.270"/>
  <testcase classname="api.test.PetTest" name="testFindPetByStatus" time="2.473"/>
  <testcase classname="api.test.PetTest" name="testCreatePet" time="4.850"/>
  <testcase classname="api.test.PetTest" name="testGetPet" time="1.668"/>
</testsuite> <!-- api.test.PetTest -->
