<?xml version="1.0" encoding="UTF-8"?>
<!-- Generated by org.testng.reporters.JUnitReportReporter -->
<testsuite hostname="DESKTOP-8S195GN" failures="0" tests="3" name="api.test.StoreTest" time="6.370" errors="0" timestamp="2026-01-13T09:47:02 IST" skipped="0">
  <testcase classname="api.test.StoreTest" name="testGetOrder" time="1.716"/>
  <testcase classname="api.test.StoreTest" name="testCreateOrder" time="1.572"/>
  <testcase classname="api.test.StoreTest" name="testDeleteOrder" time="3.082"/>
</testsuite> <!-- api.test.StoreTest -->
