<?xml version="1.0" encoding="UTF-8"?>
<!-- Generated by org.testng.reporters.JUnitReportReporter -->
<testsuite hostname="DESKTOP-8S195GN" failures="0" tests="4" name="api.test.UserTest" time="10.708" errors="0" timestamp="2025-12-30T16:40:10 IST" skipped="0">
  <testcase classname="api.test.UserTest" name="testPostUser" time="4.586"/>
  <testcase classname="api.test.UserTest" name="getUserByUsername" time="1.605"/>
  <testcase classname="api.test.UserTest" name="updateUserByUsername" time="3.026"/>
  <testcase classname="api.test.UserTest" name="deleteUserByUsername" time="1.491"/>
</testsuite> <!-- api.test.UserTest -->
