<?xml version="1.0" encoding="UTF-8"?>
<!-- Generated by org.testng.reporters.JUnitReportReporter -->
<testsuite hostname="DESKTOP-8S195GN" failures="0" tests="30" name="api.test.UserTestDDT" time="97.136" errors="0" timestamp="2025-12-25T16:47:29 IST" skipped="0">
  <testcase classname="api.test.UserTestDDT" name="testPostUser" time="2.887"/>
  <testcase classname="api.test.UserTestDDT" name="testPostUser" time="3.174"/>
  <testcase classname="api.test.UserTestDDT" name="testPostUser" time="3.067"/>
  <testcase classname="api.test.UserTestDDT" name="testPostUser" time="3.098"/>
  <testcase classname="api.test.UserTestDDT" name="testPostUser" time="3.048"/>
  <testcase classname="api.test.UserTestDDT" name="testPostUser" time="4.828"/>
  <testcase classname="api.test.UserTestDDT" name="testPostUser" time="3.097"/>
  <testcase classname="api.test.UserTestDDT" name="testPostUser" time="2.989"/>
  <testcase classname="api.test.UserTestDDT" name="testPostUser" time="3.047"/>
  <testcase classname="api.test.UserTestDDT" name="testPostUser" time="2.994"/>
  <testcase classname="api.test.UserTestDDT" name="testPostUser" time="3.870"/>
  <testcase classname="api.test.UserTestDDT" name="testPostUser" time="3.162"/>
  <testcase classname="api.test.UserTestDDT" name="testPostUser" time="2.967"/>
  <testcase classname="api.test.UserTestDDT" name="testPostUser" time="3.062"/>
  <testcase classname="api.test.UserTestDDT" name="testPostUser" time="2.972"/>
  <testcase classname="api.test.UserTestDDT" name="testPostUser" time="3.123"/>
  <testcase classname="api.test.UserTestDDT" name="testPostUser" time="3.177"/>
  <testcase classname="api.test.UserTestDDT" name="testPostUser" time="3.222"/>
  <testcase classname="api.test.UserTestDDT" name="testPostUser" time="3.370"/>
  <testcase classname="api.test.UserTestDDT" name="testPostUser" time="3.077"/>
  <testcase classname="api.test.UserTestDDT" name="testPostUser" time="2.956"/>
  <testcase classname="api.test.UserTestDDT" name="testPostUser" time="3.185"/>
  <testcase classname="api.test.UserTestDDT" name="testPostUser" time="2.952"/>
  <testcase classname="api.test.UserTestDDT" name="testPostUser" time="3.170"/>
  <testcase classname="api.test.UserTestDDT" name="testPostUser" time="5.308"/>
  <testcase classname="api.test.UserTestDDT" name="testPostUser" time="3.179"/>
  <testcase classname="api.test.UserTestDDT" name="testPostUser" time="2.980"/>
  <testcase classname="api.test.UserTestDDT" name="testPostUser" time="3.104"/>
  <testcase classname="api.test.UserTestDDT" name="testPostUser" time="3.080"/>
  <testcase classname="api.test.UserTestDDT" name="testPostUser" time="2.991"/>
</testsuite> <!-- api.test.UserTestDDT -->
