<?xml version="1.0" encoding="UTF-8"?>
<!-- Generated by org.testng.reporters.JUnitReportReporter -->
<testsuite hostname="DESKTOP-8S195GN" failures="0" tests="30" name="api.test.UserTestDDT" time="93.918" errors="0" timestamp="2026-01-03T15:17:08 IST" skipped="0">
  <testcase classname="api.test.UserTestDDT" name="testCreateAndDeleteUser" time="3.129"/>
  <testcase classname="api.test.UserTestDDT" name="testCreateAndDeleteUser" time="3.107"/>
  <testcase classname="api.test.UserTestDDT" name="testCreateAndDeleteUser" time="3.136"/>
  <testcase classname="api.test.UserTestDDT" name="testCreateAndDeleteUser" time="3.119"/>
  <testcase classname="api.test.UserTestDDT" name="testCreateAndDeleteUser" time="3.134"/>
  <testcase classname="api.test.UserTestDDT" name="testCreateAndDeleteUser" time="3.133"/>
  <testcase classname="api.test.UserTestDDT" name="testCreateAndDeleteUser" time="2.981"/>
  <testcase classname="api.test.UserTestDDT" name="testCreateAndDeleteUser" time="3.038"/>
  <testcase classname="api.test.UserTestDDT" name="testCreateAndDeleteUser" time="3.140"/>
  <testcase classname="api.test.UserTestDDT" name="testCreateAndDeleteUser" time="3.035"/>
  <testcase classname="api.test.UserTestDDT" name="testCreateAndDeleteUser" time="3.346"/>
  <testcase classname="api.test.UserTestDDT" name="testCreateAndDeleteUser" time="3.010"/>
  <testcase classname="api.test.UserTestDDT" name="testCreateAndDeleteUser" time="2.998"/>
  <testcase classname="api.test.UserTestDDT" name="testCreateAndDeleteUser" time="3.205"/>
  <testcase classname="api.test.UserTestDDT" name="testCreateAndDeleteUser" time="3.218"/>
  <testcase classname="api.test.UserTestDDT" name="testCreateAndDeleteUser" time="3.139"/>
  <testcase classname="api.test.UserTestDDT" name="testCreateAndDeleteUser" time="3.154"/>
  <testcase classname="api.test.UserTestDDT" name="testCreateAndDeleteUser" time="3.155"/>
  <testcase classname="api.test.UserTestDDT" name="testCreateAndDeleteUser" time="3.049"/>
  <testcase classname="api.test.UserTestDDT" name="testCreateAndDeleteUser" time="3.208"/>
  <testcase classname="api.test.UserTestDDT" name="testCreateAndDeleteUser" time="3.186"/>
  <testcase classname="api.test.UserTestDDT" name="testCreateAndDeleteUser" time="2.937"/>
  <testcase classname="api.test.UserTestDDT" name="testCreateAndDeleteUser" time="3.158"/>
  <testcase classname="api.test.UserTestDDT" name="testCreateAndDeleteUser" time="3.193"/>
  <testcase classname="api.test.UserTestDDT" name="testCreateAndDeleteUser" time="3.223"/>
  <testcase classname="api.test.UserTestDDT" name="testCreateAndDeleteUser" time="3.053"/>
  <testcase classname="api.test.UserTestDDT" name="testCreateAndDeleteUser" time="3.245"/>
  <testcase classname="api.test.UserTestDDT" name="testCreateAndDeleteUser" time="3.064"/>
  <testcase classname="api.test.UserTestDDT" name="testCreateAndDeleteUser" time="3.158"/>
  <testcase classname="api.test.UserTestDDT" name="testCreateAndDeleteUser" time="3.267"/>
</testsuite> <!-- api.test.UserTestDDT -->
