<?xml version="1.0" encoding="UTF-8"?>
<!-- Generated by org.testng.reporters.JUnitReportReporter -->
<testsuite hostname="DESKTOP-8S195GN" failures="0" tests="6" name="api.test.PetTest" time="19.282" errors="0" timestamp="2026-01-19T09:34:13 IST" skipped="0">
  <testcase classname="api.test.PetTest" name="testFindPetByStatus" time="3.248"/>
  <testcase classname="api.test.PetTest" name="testDeletePet" time="3.182"/>
  <testcase classname="api.test.PetTest" name="testUploadPetImage" time="3.572"/>
  <testcase classname="api.test.PetTest" name="testAlreadyDeletedPet" time="1.629"/>
  <testcase classname="api.test.PetTest" name="testCreatePet" time="6.034"/>
  <testcase classname="api.test.PetTest" name="testGetPet" time="1.617"/>
</testsuite> <!-- api.test.PetTest -->
