<?xml version="1.0" encoding="UTF-8"?>
<!-- Generated by org.testng.reporters.JUnitReportReporter -->
<testsuite hostname="DESKTOP-8S195GN" failures="0" tests="7" name="api.test.UserTest" time="16.978" errors="0" timestamp="2025-12-31T10:29:03 IST" skipped="0">
  <testcase classname="api.test.UserTest" name="deleteAlreadyDeletedUser" time="1.522"/>
  <testcase classname="api.test.UserTest" name="testPostUser" time="4.586"/>
  <testcase classname="api.test.UserTest" name="getUserByUsername" time="1.740"/>
  <testcase classname="api.test.UserTest" name="updateUserByUsername" time="3.108"/>
  <testcase classname="api.test.UserTest" name="getAlreadyDeletedUser" time="1.519"/>
  <testcase classname="api.test.UserTest" name="deleteUserByUsername" time="1.536"/>
  <testcase classname="api.test.UserTest" name="updateDeletedUser" time="2.967"/>
</testsuite> <!-- api.test.UserTest -->
