<?xml version="1.0" encoding="UTF-8"?>
<!-- Generated by org.testng.reporters.JUnitReportReporter -->
<testsuite hostname="DESKTOP-8S195GN" failures="0" tests="3" name="api.test.StoreTest" time="6.271" errors="0" timestamp="2026-01-03T15:17:08 IST" skipped="0">
  <testcase classname="api.test.StoreTest" name="testDeleteOrder" time="3.097"/>
  <testcase classname="api.test.StoreTest" name="testGetOrder" time="1.643"/>
  <testcase classname="api.test.StoreTest" name="testCreateOrder" time="1.531"/>
</testsuite> <!-- api.test.StoreTest -->
