<?xml version="1.0" encoding="UTF-8"?>
<!-- Generated by org.testng.reporters.JUnitReportReporter -->
<testsuite hostname="DESKTOP-8S195GN" failures="0" tests="3" name="api.test.StoreTest" time="6.469" errors="0" timestamp="2026-01-03T20:09:08 IST" skipped="0">
  <testcase classname="api.test.StoreTest" name="testCreateOrder" time="1.586"/>
  <testcase classname="api.test.StoreTest" name="testDeleteOrder" time="3.177"/>
  <testcase classname="api.test.StoreTest" name="testGetOrder" time="1.706"/>
</testsuite> <!-- api.test.StoreTest -->
