<?xml version="1.0" encoding="UTF-8"?>
<!-- Generated by org.testng.reporters.JUnitReportReporter -->
<testsuite hostname="DESKTOP-8S195GN" failures="0" tests="30" name="api.test.UserTestDDT" time="92.017" errors="0" timestamp="2026-01-03T20:09:08 IST" skipped="0">
  <testcase classname="api.test.UserTestDDT" name="testCreateAndDeleteUser" time="3.100"/>
  <testcase classname="api.test.UserTestDDT" name="testCreateAndDeleteUser" time="3.183"/>
  <testcase classname="api.test.UserTestDDT" name="testCreateAndDeleteUser" time="3.200"/>
  <testcase classname="api.test.UserTestDDT" name="testCreateAndDeleteUser" time="3.143"/>
  <testcase classname="api.test.UserTestDDT" name="testCreateAndDeleteUser" time="3.020"/>
  <testcase classname="api.test.UserTestDDT" name="testCreateAndDeleteUser" time="3.092"/>
  <testcase classname="api.test.UserTestDDT" name="testCreateAndDeleteUser" time="3.063"/>
  <testcase classname="api.test.UserTestDDT" name="testCreateAndDeleteUser" time="2.995"/>
  <testcase classname="api.test.UserTestDDT" name="testCreateAndDeleteUser" time="2.999"/>
  <testcase classname="api.test.UserTestDDT" name="testCreateAndDeleteUser" time="3.106"/>
  <testcase classname="api.test.UserTestDDT" name="testCreateAndDeleteUser" time="3.072"/>
  <testcase classname="api.test.UserTestDDT" name="testCreateAndDeleteUser" time="2.964"/>
  <testcase classname="api.test.UserTestDDT" name="testCreateAndDeleteUser" time="2.890"/>
  <testcase classname="api.test.UserTestDDT" name="testCreateAndDeleteUser" time="2.917"/>
  <testcase classname="api.test.UserTestDDT" name="testCreateAndDeleteUser" time="2.979"/>
  <testcase classname="api.test.UserTestDDT" name="testCreateAndDeleteUser" time="3.052"/>
  <testcase classname="api.test.UserTestDDT" name="testCreateAndDeleteUser" time="3.113"/>
  <testcase classname="api.test.UserTestDDT" name="testCreateAndDeleteUser" time="3.169"/>
  <testcase classname="api.test.UserTestDDT" name="testCreateAndDeleteUser" time="3.035"/>
  <testcase classname="api.test.UserTestDDT" name="testCreateAndDeleteUser" time="3.058"/>
  <testcase classname="api.test.UserTestDDT" name="testCreateAndDeleteUser" time="2.922"/>
  <testcase classname="api.test.UserTestDDT" name="testCreateAndDeleteUser" time="3.085"/>
  <testcase classname="api.test.UserTestDDT" name="testCreateAndDeleteUser" time="3.209"/>
  <testcase classname="api.test.UserTestDDT" name="testCreateAndDeleteUser" time="3.134"/>
  <testcase classname="api.test.UserTestDDT" name="testCreateAndDeleteUser" time="3.219"/>
  <testcase classname="api.test.UserTestDDT" name="testCreateAndDeleteUser" time="3.030"/>
  <testcase classname="api.test.UserTestDDT" name="testCreateAndDeleteUser" time="2.959"/>
  <testcase classname="api.test.UserTestDDT" name="testCreateAndDeleteUser" time="3.217"/>
  <testcase classname="api.test.UserTestDDT" name="testCreateAndDeleteUser" time="3.094"/>
  <testcase classname="api.test.UserTestDDT" name="testCreateAndDeleteUser" time="2.998"/>
</testsuite> <!-- api.test.UserTestDDT -->
