<?xml version="1.0" encoding="UTF-8"?>
<!-- Generated by org.testng.reporters.JUnitReportReporter -->
<testsuite hostname="DESKTOP-8S195GN" failures="0" tests="4" name="api.test.UserTest" time="7.832" errors="0" timestamp="2025-12-28T10:54:55 IST" skipped="0">
  <testcase classname="api.test.UserTest" name="testPostUser" time="3.395"/>
  <testcase classname="api.test.UserTest" name="getUserByUsername" time="1.451"/>
  <testcase classname="api.test.UserTest" name="updateUserByUsername" time="1.510"/>
  <testcase classname="api.test.UserTest" name="deleteUserByUsername" time="1.476"/>
</testsuite> <!-- api.test.UserTest -->
