<?xml version="1.0" encoding="UTF-8"?>
<!-- Generated by org.testng.reporters.JUnitReportReporter -->
<testsuite hostname="DESKTOP-8S195GN" failures="0" tests="7" name="api.test.UserTest" time="16.993" errors="0" timestamp="2026-01-03T20:09:08 IST" skipped="0">
  <testcase classname="api.test.UserTest" name="updateUserByUsername" time="3.158"/>
  <testcase classname="api.test.UserTest" name="testPostUser" time="4.772"/>
  <testcase classname="api.test.UserTest" name="deleteAlreadyDeletedUser" time="1.394"/>
  <testcase classname="api.test.UserTest" name="getUserByUsername" time="1.570"/>
  <testcase classname="api.test.UserTest" name="getAlreadyDeletedUser" time="1.518"/>
  <testcase classname="api.test.UserTest" name="updateDeletedUser" time="3.093"/>
  <testcase classname="api.test.UserTest" name="deleteUserByUsername" time="1.488"/>
</testsuite> <!-- api.test.UserTest -->
